1566997968.788721 client started (60967): version 2.9a, socket /tmp//tmux-501/default, protocol 8
1566997968.788961 on Darwin 18.6.0 Darwin Kernel Version 18.6.0: Thu Apr 25 23:16:27 PDT 2019; root:xnu-4903.261.4~2/RELEASE_X86_64; libevent 2.1.10-stable (select)
1566997968.789268 socket is /tmp//tmux-501/default
1566997968.789305 trying connect
1566997968.789426 add peer 0x1067fb000: 6 (0x0)
1566997968.816869 sending message 100 to peer 0x1067fb000 (4 bytes)
1566997968.817004 sending message 101 to peer 0x1067fb000 (14 bytes)
1566997968.817057 sending message 102 to peer 0x1067fb000 (13 bytes)
1566997968.817080 sending message 108 to peer 0x1067fb000 (30 bytes)
1566997968.817119 sending message 104 to peer 0x1067fb000 (0 bytes)
1566997968.817134 sending message 107 to peer 0x1067fb000 (4 bytes)
1566997968.817145 sending message 105 to peer 0x1067fb000 (68 bytes)
1566997968.817155 sending message 105 to peer 0x1067fb000 (19 bytes)
1566997968.817167 sending message 105 to peer 0x1067fb000 (76 bytes)
1566997968.817176 sending message 105 to peer 0x1067fb000 (15 bytes)
1566997968.817185 sending message 105 to peer 0x1067fb000 (20 bytes)
1566997968.817195 sending message 105 to peer 0x1067fb000 (22 bytes)
1566997968.817205 sending message 105 to peer 0x1067fb000 (15 bytes)
1566997968.817213 sending message 105 to peer 0x1067fb000 (10 bytes)
1566997968.817223 sending message 105 to peer 0x1067fb000 (19 bytes)
1566997968.817231 sending message 105 to peer 0x1067fb000 (25 bytes)
1566997968.817240 sending message 105 to peer 0x1067fb000 (24 bytes)
1566997968.817251 sending message 105 to peer 0x1067fb000 (61 bytes)
1566997968.817264 sending message 105 to peer 0x1067fb000 (17 bytes)
1566997968.817361 sending message 105 to peer 0x1067fb000 (19 bytes)
1566997968.817379 sending message 105 to peer 0x1067fb000 (26 bytes)
1566997968.817390 sending message 105 to peer 0x1067fb000 (18 bytes)
1566997968.817398 sending message 105 to peer 0x1067fb000 (43 bytes)
1566997968.817407 sending message 105 to peer 0x1067fb000 (46 bytes)
1566997968.817416 sending message 105 to peer 0x1067fb000 (16 bytes)
1566997968.817427 sending message 105 to peer 0x1067fb000 (269 bytes)
1566997968.817454 sending message 105 to peer 0x1067fb000 (34 bytes)
1566997968.817479 sending message 105 to peer 0x1067fb000 (24 bytes)
1566997968.817490 sending message 105 to peer 0x1067fb000 (26 bytes)
1566997968.817499 sending message 105 to peer 0x1067fb000 (8 bytes)
1566997968.817508 sending message 105 to peer 0x1067fb000 (66 bytes)
1566997968.817516 sending message 105 to peer 0x1067fb000 (19 bytes)
1566997968.817525 sending message 105 to peer 0x1067fb000 (23 bytes)
1566997968.817533 sending message 105 to peer 0x1067fb000 (27 bytes)
1566997968.817542 sending message 105 to peer 0x1067fb000 (60 bytes)
1566997968.817556 sending message 105 to peer 0x1067fb000 (57 bytes)
1566997968.817566 sending message 105 to peer 0x1067fb000 (35 bytes)
1566997968.817575 sending message 105 to peer 0x1067fb000 (14 bytes)
1566997968.817583 sending message 105 to peer 0x1067fb000 (60 bytes)
1566997968.817592 sending message 105 to peer 0x1067fb000 (15 bytes)
1566997968.817601 sending message 105 to peer 0x1067fb000 (14 bytes)
1566997968.817609 sending message 105 to peer 0x1067fb000 (19 bytes)
1566997968.817618 sending message 105 to peer 0x1067fb000 (38 bytes)
1566997968.817626 sending message 105 to peer 0x1067fb000 (42 bytes)
1566997968.817635 sending message 105 to peer 0x1067fb000 (18 bytes)
1566997968.817644 sending message 105 to peer 0x1067fb000 (34 bytes)
1566997968.817652 sending message 105 to peer 0x1067fb000 (31 bytes)
1566997968.817661 sending message 105 to peer 0x1067fb000 (23 bytes)
1566997968.817669 sending message 105 to peer 0x1067fb000 (31 bytes)
1566997968.817677 sending message 106 to peer 0x1067fb000 (0 bytes)
1566997968.817691 sending message 200 to peer 0x1067fb000 (4 bytes)
1566997968.817701 client loop enter
1566997968.818198 peer 0x1067fb000 message 211
1566997968.818223 client_write: sessions should be nested with care, unset $TMUX to force\n
1566997968.818252 peer 0x1067fb000 message 203
1566997968.818277 client loop exit
